  FractalCreator.cpp
C:\Users\user\Documents\Cplusplus\Udemy_c++programming\Fractor Mandelbrot\Fractor Mandelbrot\BitmapFileHeader.h(19,9): warning C4161: #pragma pack(pop...): more pops than pushes
C:\Users\user\Documents\Cplusplus\Udemy_c++programming\Fractor Mandelbrot\Fractor Mandelbrot\Bitmap.h(5,1): warning C4103: alignment changed after including header, may be due to missing #pragma pack(pop)
C:\Users\user\Documents\Cplusplus\Udemy_c++programming\Fractor Mandelbrot\Fractor Mandelbrot\BitmapInfoHeader.h(22,9): warning C4161: #pragma pack(pop...): more pops than pushes
C:\Users\user\Documents\Cplusplus\Udemy_c++programming\Fractor Mandelbrot\Fractor Mandelbrot\FractalCreator.h(7,1): warning C4103: alignment changed after including header, may be due to missing #pragma pack(pop)
C:\Users\user\Documents\Cplusplus\Udemy_c++programming\Fractor Mandelbrot\Fractor Mandelbrot\FractalCreator.cpp(1,1): warning C4103: alignment changed after including header, may be due to missing #pragma pack(pop)
C:\Users\user\Documents\Cplusplus\Udemy_c++programming\Fractor Mandelbrot\Fractor Mandelbrot\FractalCreator.cpp(6,20): warning C4018: '<': signed/unsigned mismatch
C:\Users\user\Documents\Cplusplus\Udemy_c++programming\Fractor Mandelbrot\Fractor Mandelbrot\FractalCreator.cpp(81,24): warning C4244: '=': conversion from 'double' to 'uint8_t', possible loss of data
C:\Users\user\Documents\Cplusplus\Udemy_c++programming\Fractor Mandelbrot\Fractor Mandelbrot\FractalCreator.cpp(82,26): warning C4244: '=': conversion from 'double' to 'uint8_t', possible loss of data
C:\Users\user\Documents\Cplusplus\Udemy_c++programming\Fractor Mandelbrot\Fractor Mandelbrot\FractalCreator.cpp(83,25): warning C4244: '=': conversion from 'double' to 'uint8_t', possible loss of data
C:\Users\user\Documents\Cplusplus\Udemy_c++programming\Fractor Mandelbrot\Fractor Mandelbrot\FractalCreator.cpp(105,29): warning C4244: 'argument': conversion from 'double' to '_Ty', possible loss of data
          with
          [
              _Ty=int
          ]
  Mandelbrot.cpp
  main.cpp
C:\Users\user\Documents\Cplusplus\Udemy_c++programming\Fractor Mandelbrot\Fractor Mandelbrot\BitmapFileHeader.h(19,9): warning C4161: #pragma pack(pop...): more pops than pushes
C:\Users\user\Documents\Cplusplus\Udemy_c++programming\Fractor Mandelbrot\Fractor Mandelbrot\Bitmap.h(5,1): warning C4103: alignment changed after including header, may be due to missing #pragma pack(pop)
C:\Users\user\Documents\Cplusplus\Udemy_c++programming\Fractor Mandelbrot\Fractor Mandelbrot\BitmapInfoHeader.h(22,9): warning C4161: #pragma pack(pop...): more pops than pushes
C:\Users\user\Documents\Cplusplus\Udemy_c++programming\Fractor Mandelbrot\Fractor Mandelbrot\FractalCreator.h(7,1): warning C4103: alignment changed after including header, may be due to missing #pragma pack(pop)
C:\Users\user\Documents\Cplusplus\Udemy_c++programming\Fractor Mandelbrot\Fractor Mandelbrot\main.cpp(1,1): warning C4103: alignment changed after including header, may be due to missing #pragma pack(pop)
  Generating code
  8 of 337 functions ( 2.4%) were compiled, the rest were copied from previous compilation.
    0 functions were new in current compilation
    0 functions had inline decision re-evaluated but remain unchanged
  Finished generating code
  Fractor Mandelbrot.vcxproj -> C:\Users\user\Documents\Cplusplus\Udemy_c++programming\Fractor Mandelbrot\Release\Fractor Mandelbrot.exe
